<?xml version="1.0" encoding="UTF-8"?>
<!-- Generated by org.testng.reporters.JUnitXMLReporter -->
<testsuite hostname="DESKTOP-ALEB1IN" failures="0" tests="53" name="Surefire test" time="0.311" errors="0" timestamp="7 Aug 2024 18:31:23 GMT">
  <testcase classname="test.com.itexps.Account1Test" name="testAccountBalance" time="0.009"/>
  <testcase classname="test.com.itexps.Account1Test" name="testAccountCustomerName" time="0.001"/>
  <testcase classname="test.com.itexps.Account1Test" name="testAccountID" time="0.001"/>
  <testcase classname="test.com.itexps.Account1Test" name="testAccountType" time="0.001"/>
  <testcase classname="test.com.itexps.Account1Test" name="testCheckBalance" time="0.003"/>
  <testcase classname="test.com.itexps.Account1Test" name="testDeposit" time="0.015"/>
  <testcase classname="test.com.itexps.Account1Test" name="testDepositNegativeAmount" time="0.002"/>
  <testcase classname="test.com.itexps.Account1Test" name="testSetBalance" time="0.001"/>
  <testcase classname="test.com.itexps.Account1Test" name="testToString" time="0.025"/>
  <testcase classname="test.com.itexps.Account1Test" name="testWithdraw" time="0.001"/>
  <testcase classname="test.com.itexps.Account1Test" name="testWithdrawNegativeAmount" time="0.001"/>
  <testcase classname="test.com.itexps.Account1Test" name="testWithdrawOutOfFunds" time="0.001"/>
  <testcase classname="test.com.itexps.SavingsTest" name="testSavings" time="0.001"/>
  <testcase classname="test.com.itexps.SavingsTest" name="testToString" time="0.001"/>
  <testcase classname="test.com.itexps.BankTest" name="testAddOrUpdateAccount" time="0.001"/>
  <testcase classname="test.com.itexps.BankTest" name="testAddOrUpdateCustomer" time="0.01"/>
  <testcase classname="test.com.itexps.BankTest" name="testAddOrUpdateEmployee" time="0.008"/>
  <testcase classname="test.com.itexps.BankTest" name="testBankAddress" time="0.002"/>
  <testcase classname="test.com.itexps.BankTest" name="testBankId" time="0.001"/>
  <testcase classname="test.com.itexps.BankTest" name="testBankName" time="0.001"/>
  <testcase classname="test.com.itexps.BankTest" name="testSaveAndLoadData" time="0.012"/>
  <testcase classname="test.com.itexps.BankTest" name="testSearchAccountByID" time="0.001"/>
  <testcase classname="test.com.itexps.BankTest" name="testSearchCustomerByID" time="0.0"/>
  <testcase classname="test.com.itexps.BankTest" name="testSearchEmployeeByID" time="0.0"/>
  <testcase classname="test.com.itexps.BankTest" name="testfilePath" time="0.001"/>
  <testcase classname="test.com.itexps.BusinessTest" name="testBusiness" time="0.001"/>
  <testcase classname="test.com.itexps.BusinessTest" name="testToString" time="0.003"/>
  <testcase classname="test.com.itexps.CheckingTest" name="testChecking" time="0.001"/>
  <testcase classname="test.com.itexps.CheckingTest" name="testToString" time="0.001"/>
  <testcase classname="test.com.itexps.ContractorTest" name="testConstructor" time="0.001"/>
  <testcase classname="test.com.itexps.ContractorTest" name="testToString" time="0.001"/>
  <testcase classname="test.com.itexps.CustomerTest" name="testBusinessCustomerID" time="0.0"/>
  <testcase classname="test.com.itexps.CustomerTest" name="testBusinessCustomerName" time="0.001"/>
  <testcase classname="test.com.itexps.CustomerTest" name="testBusinessCustomerType" time="0.001"/>
  <testcase classname="test.com.itexps.CustomerTest" name="testCustomerID" time="0.0"/>
  <testcase classname="test.com.itexps.CustomerTest" name="testCustomerName" time="0.0"/>
  <testcase classname="test.com.itexps.CustomerTest" name="testCustomerType" time="0.001"/>
  <testcase classname="test.com.itexps.CustomerTest" name="testIndividualCustomerID" time="0.002"/>
  <testcase classname="test.com.itexps.CustomerTest" name="testIndividualCustomerName" time="0.004"/>
  <testcase classname="test.com.itexps.CustomerTest" name="testIndividualCustomerType" time="0.005"/>
  <testcase classname="test.com.itexps.CustomerTest" name="testToString" time="0.002"/>
  <testcase classname="test.com.itexps.EmployeeTest" name="testEmployeeID" time="0.0"/>
  <testcase classname="test.com.itexps.EmployeeTest" name="testEmployeeName" time="0.001"/>
  <testcase classname="test.com.itexps.EmployeeTest" name="testEmployeeToString" time="0.002"/>
  <testcase classname="test.com.itexps.EmployeeTest" name="testEmployeeType" time="0.0"/>
  <testcase classname="test.com.itexps.FixedDepositTest" name="testDepositOnFixedDeposit" time="0.0"/>
  <testcase classname="test.com.itexps.FixedDepositTest" name="testFixedDeposit" time="0.0"/>
  <testcase classname="test.com.itexps.FixedDepositTest" name="testToString" time="0.002"/>
  <testcase classname="test.com.itexps.FixedDepositTest" name="testWithdrawalOnFixedDeposit" time="0.0"/>
  <testcase classname="test.com.itexps.FullTimeTest" name="testFullTime" time="0.0"/>
  <testcase classname="test.com.itexps.FullTimeTest" name="testToString" time="0.003"/>
  <testcase classname="test.com.itexps.IndividualTest" name="testIndividual" time="0.0"/>
  <testcase classname="test.com.itexps.IndividualTest" name="testToString" time="0.001"/>
</testsuite> <!-- Surefire test -->
