<?xml version="1.0" encoding="UTF-8"?>
<testsuite xmlns:xsi="http://www.w3.org/2001/XMLSchema-instance" xsi:noNamespaceSchemaLocation="https://maven.apache.org/surefire/maven-surefire-plugin/xsd/surefire-test-report-3.0.xsd" version="3.0" name="TestSuite" time="1.447" tests="53" errors="0" skipped="0" failures="0">
  <properties>
[...]
</properties>
  <testcase name="testAccountBalance" classname="test.com.itexps.Account1Test" time="0.007"/>
  <testcase name="testAccountCustomerName" classname="test.com.itexps.Account1Test" time="0.0"/>
  <testcase name="testAccountID" classname="test.com.itexps.Account1Test" time="0.001"/>
  <testcase name="testAccountType" classname="test.com.itexps.Account1Test" time="0.0"/>
  <testcase name="testCheckBalance" classname="test.com.itexps.Account1Test" time="0.002"/>
  <testcase name="testDeposit" classname="test.com.itexps.Account1Test" time="0.023">
    <system-out><![CDATA[Your new balance is =1500.0
]]></system-out>
  </testcase>
  <testcase name="testDepositNegativeAmount" classname="test.com.itexps.Account1Test" time="0.0"/>
  <testcase name="testSetBalance" classname="test.com.itexps.Account1Test" time="0.0"/>
  <testcase name="testToString" classname="test.com.itexps.Account1Test" time="0.028">
    <system-out><![CDATA[Actual toString() output: Account{accountID=1, accountType=CHECKING, balance=1000.0, customerName='John Doe'}
Expected toString() output: Account{accountID=1, accountType=CHECKING, balance=1000.0, customerName='John Doe'}
]]></system-out>
  </testcase>
  <testcase name="testWithdraw" classname="test.com.itexps.Account1Test" time="0.003">
    <system-out><![CDATA[Your new balance is =800.0
]]></system-out>
  </testcase>
  <testcase name="testWithdrawNegativeAmount" classname="test.com.itexps.Account1Test" time="0.0"/>
  <testcase name="testWithdrawOutOfFunds" classname="test.com.itexps.Account1Test" time="0.0"/>
  <testcase name="testSavings" classname="test.com.itexps.SavingsTest" time="0.0"/>
  <testcase name="testToString" classname="test.com.itexps.SavingsTest" time="0.002"/>
  <testcase name="testAddOrUpdateAccount" classname="test.com.itexps.BankTest" time="0.001"/>
  <testcase name="testAddOrUpdateCustomer" classname="test.com.itexps.BankTest" time="0.01"/>
  <testcase name="testAddOrUpdateEmployee" classname="test.com.itexps.BankTest" time="0.008"/>
  <testcase name="testBankAddress" classname="test.com.itexps.BankTest" time="0.0"/>
  <testcase name="testBankId" classname="test.com.itexps.BankTest" time="0.001"/>
  <testcase name="testBankName" classname="test.com.itexps.BankTest" time="0.001"/>
  <testcase name="testSaveAndLoadData" classname="test.com.itexps.BankTest" time="0.014">
    <system-out><![CDATA[Data saved successfully to file: c:\data\mybank.txt
Data loaded successfully from file: c:\data\mybank.txt
]]></system-out>
  </testcase>
  <testcase name="testSearchAccountByID" classname="test.com.itexps.BankTest" time="0.0"/>
  <testcase name="testSearchCustomerByID" classname="test.com.itexps.BankTest" time="0.0"/>
  <testcase name="testSearchEmployeeByID" classname="test.com.itexps.BankTest" time="0.001"/>
  <testcase name="testfilePath" classname="test.com.itexps.BankTest" time="0.0"/>
  <testcase name="testBusiness" classname="test.com.itexps.BusinessTest" time="0.001"/>
  <testcase name="testToString" classname="test.com.itexps.BusinessTest" time="0.003"/>
  <testcase name="testChecking" classname="test.com.itexps.CheckingTest" time="0.001"/>
  <testcase name="testToString" classname="test.com.itexps.CheckingTest" time="0.0"/>
  <testcase name="testConstructor" classname="test.com.itexps.ContractorTest" time="0.0"/>
  <testcase name="testToString" classname="test.com.itexps.ContractorTest" time="0.001"/>
  <testcase name="testBusinessCustomerID" classname="test.com.itexps.CustomerTest" time="0.0"/>
  <testcase name="testBusinessCustomerName" classname="test.com.itexps.CustomerTest" time="0.001"/>
  <testcase name="testBusinessCustomerType" classname="test.com.itexps.CustomerTest" time="0.0"/>
  <testcase name="testCustomerID" classname="test.com.itexps.CustomerTest" time="0.001"/>
  <testcase name="testCustomerName" classname="test.com.itexps.CustomerTest" time="0.001"/>
  <testcase name="testCustomerType" classname="test.com.itexps.CustomerTest" time="0.0"/>
  <testcase name="testIndividualCustomerID" classname="test.com.itexps.CustomerTest" time="0.001"/>
  <testcase name="testIndividualCustomerName" classname="test.com.itexps.CustomerTest" time="0.003"/>
  <testcase name="testIndividualCustomerType" classname="test.com.itexps.CustomerTest" time="0.007"/>
  <testcase name="testToString" classname="test.com.itexps.CustomerTest" time="0.002"/>
  <testcase name="testEmployeeID" classname="test.com.itexps.EmployeeTest" time="0.001"/>
  <testcase name="testEmployeeName" classname="test.com.itexps.EmployeeTest" time="0.0"/>
  <testcase name="testEmployeeToString" classname="test.com.itexps.EmployeeTest" time="0.001"/>
  <testcase name="testEmployeeType" classname="test.com.itexps.EmployeeTest" time="0.0"/>
  <testcase name="testDepositOnFixedDeposit" classname="test.com.itexps.FixedDepositTest" time="0.003">
    <system-out><![CDATA[Your new balance is =6000.0
]]></system-out>
  </testcase>
  <testcase name="testFixedDeposit" classname="test.com.itexps.FixedDepositTest" time="0.001"/>
  <testcase name="testToString" classname="test.com.itexps.FixedDepositTest" time="0.001"/>
  <testcase name="testWithdrawalOnFixedDeposit" classname="test.com.itexps.FixedDepositTest" time="0.002">
    <system-out><![CDATA[Your new balance is =4000.0
]]></system-out>
  </testcase>
  <testcase name="testFullTime" classname="test.com.itexps.FullTimeTest" time="0.001"/>
  <testcase name="testToString" classname="test.com.itexps.FullTimeTest" time="0.003"/>
  <testcase name="testIndividual" classname="test.com.itexps.IndividualTest" time="0.001"/>
  <testcase name="testToString" classname="test.com.itexps.IndividualTest" time="0.001"/>
</testsuite>